[0.580s] Invoking command in '/home/reo/ros2_ws/src/mypkg': PYTHONPATH=/home/reo/ros2_ws/src/mypkg/build/mypkg/prefix_override:/home/reo/ros2_ws/src/mypkg/install/mypkg/lib/python3.10/site-packages:${PYTHONPATH} /usr/bin/python3 setup.py egg_info --egg-base build/mypkg build --build-base /home/reo/ros2_ws/src/mypkg/build/mypkg/build install --record /home/reo/ros2_ws/src/mypkg/build/mypkg/install.log --single-version-externally-managed
[0.774s] running egg_info
[0.775s] writing build/mypkg/mypkg.egg-info/PKG-INFO
[0.775s] writing dependency_links to build/mypkg/mypkg.egg-info/dependency_links.txt
[0.775s] writing entry points to build/mypkg/mypkg.egg-info/entry_points.txt
[0.776s] writing requirements to build/mypkg/mypkg.egg-info/requires.txt
[0.776s] writing top-level names to build/mypkg/mypkg.egg-info/top_level.txt
[0.777s] reading manifest file 'build/mypkg/mypkg.egg-info/SOURCES.txt'
[0.778s] writing manifest file 'build/mypkg/mypkg.egg-info/SOURCES.txt'
[0.778s] running build
[0.778s] running build_py
[0.779s] running install
[0.779s] /usr/lib/python3/dist-packages/setuptools/command/install.py:34: SetuptoolsDeprecationWarning: setup.py install is deprecated. Use build and pip and other standards-based tools.
[0.779s]   warnings.warn(
[0.779s] running install_lib
[0.780s] running install_data
[0.781s] copying launch/talk_listen.launch.py -> /home/reo/ros2_ws/src/mypkg/install/mypkg/share/mypkg
[0.781s] running install_egg_info
[0.782s] removing '/home/reo/ros2_ws/src/mypkg/install/mypkg/lib/python3.10/site-packages/mypkg-0.0.0-py3.10.egg-info' (and everything under it)
[0.783s] Copying build/mypkg/mypkg.egg-info to /home/reo/ros2_ws/src/mypkg/install/mypkg/lib/python3.10/site-packages/mypkg-0.0.0-py3.10.egg-info
[0.784s] running install_scripts
[0.802s] Installing listener script to /home/reo/ros2_ws/src/mypkg/install/mypkg/lib/mypkg
[0.802s] Installing talker script to /home/reo/ros2_ws/src/mypkg/install/mypkg/lib/mypkg
[0.802s] writing list of installed files to '/home/reo/ros2_ws/src/mypkg/build/mypkg/install.log'
[0.823s] Invoked command in '/home/reo/ros2_ws/src/mypkg' returned '0': PYTHONPATH=/home/reo/ros2_ws/src/mypkg/build/mypkg/prefix_override:/home/reo/ros2_ws/src/mypkg/install/mypkg/lib/python3.10/site-packages:${PYTHONPATH} /usr/bin/python3 setup.py egg_info --egg-base build/mypkg build --build-base /home/reo/ros2_ws/src/mypkg/build/mypkg/build install --record /home/reo/ros2_ws/src/mypkg/build/mypkg/install.log --single-version-externally-managed
