[0.566s] Invoking command in '/home/reo/ros2_ws/src/mypkg': PYTHONPATH=/home/reo/ros2_ws/src/mypkg/build/mypkg/prefix_override:/home/reo/ros2_ws/src/mypkg/install/mypkg/lib/python3.10/site-packages:${PYTHONPATH} /usr/bin/python3 setup.py egg_info --egg-base build/mypkg build --build-base /home/reo/ros2_ws/src/mypkg/build/mypkg/build install --record /home/reo/ros2_ws/src/mypkg/build/mypkg/install.log --single-version-externally-managed
[0.754s] running egg_info
[0.755s] creating build/mypkg/mypkg.egg-info
[0.755s] writing build/mypkg/mypkg.egg-info/PKG-INFO
[0.755s] writing dependency_links to build/mypkg/mypkg.egg-info/dependency_links.txt
[0.755s] writing entry points to build/mypkg/mypkg.egg-info/entry_points.txt
[0.756s] writing requirements to build/mypkg/mypkg.egg-info/requires.txt
[0.756s] writing top-level names to build/mypkg/mypkg.egg-info/top_level.txt
[0.756s] writing manifest file 'build/mypkg/mypkg.egg-info/SOURCES.txt'
[0.757s] reading manifest file 'build/mypkg/mypkg.egg-info/SOURCES.txt'
[0.758s] writing manifest file 'build/mypkg/mypkg.egg-info/SOURCES.txt'
[0.758s] running build
[0.758s] running build_py
[0.758s] creating /home/reo/ros2_ws/src/mypkg/build/mypkg/build
[0.758s] creating /home/reo/ros2_ws/src/mypkg/build/mypkg/build/lib
[0.759s] creating /home/reo/ros2_ws/src/mypkg/build/mypkg/build/lib/mypkg
[0.759s] copying mypkg/__init__.py -> /home/reo/ros2_ws/src/mypkg/build/mypkg/build/lib/mypkg
[0.759s] copying mypkg/talker.py -> /home/reo/ros2_ws/src/mypkg/build/mypkg/build/lib/mypkg
[0.759s] copying mypkg/listener.py -> /home/reo/ros2_ws/src/mypkg/build/mypkg/build/lib/mypkg
[0.759s] running install
[0.759s] /usr/lib/python3/dist-packages/setuptools/command/install.py:34: SetuptoolsDeprecationWarning: setup.py install is deprecated. Use build and pip and other standards-based tools.
[0.760s]   warnings.warn(
[0.760s] running install_lib
[0.760s] creating /home/reo/ros2_ws/src/mypkg/install/mypkg/lib/python3.10/site-packages/mypkg
[0.761s] copying /home/reo/ros2_ws/src/mypkg/build/mypkg/build/lib/mypkg/__init__.py -> /home/reo/ros2_ws/src/mypkg/install/mypkg/lib/python3.10/site-packages/mypkg
[0.761s] copying /home/reo/ros2_ws/src/mypkg/build/mypkg/build/lib/mypkg/talker.py -> /home/reo/ros2_ws/src/mypkg/install/mypkg/lib/python3.10/site-packages/mypkg
[0.761s] copying /home/reo/ros2_ws/src/mypkg/build/mypkg/build/lib/mypkg/listener.py -> /home/reo/ros2_ws/src/mypkg/install/mypkg/lib/python3.10/site-packages/mypkg
[0.761s] byte-compiling /home/reo/ros2_ws/src/mypkg/install/mypkg/lib/python3.10/site-packages/mypkg/__init__.py to __init__.cpython-310.pyc
[0.762s] byte-compiling /home/reo/ros2_ws/src/mypkg/install/mypkg/lib/python3.10/site-packages/mypkg/talker.py to talker.cpython-310.pyc
[0.762s] byte-compiling /home/reo/ros2_ws/src/mypkg/install/mypkg/lib/python3.10/site-packages/mypkg/listener.py to listener.cpython-310.pyc
[0.762s] running install_data
[0.763s] creating /home/reo/ros2_ws/src/mypkg/install/mypkg/share/ament_index
[0.763s] creating /home/reo/ros2_ws/src/mypkg/install/mypkg/share/ament_index/resource_index
[0.763s] creating /home/reo/ros2_ws/src/mypkg/install/mypkg/share/ament_index/resource_index/packages
[0.763s] copying resource/mypkg -> /home/reo/ros2_ws/src/mypkg/install/mypkg/share/ament_index/resource_index/packages
[0.764s] copying package.xml -> /home/reo/ros2_ws/src/mypkg/install/mypkg/share/mypkg
[0.764s] copying launch/talk_listen.launch.py -> /home/reo/ros2_ws/src/mypkg/install/mypkg/share/mypkg
[0.764s] running install_egg_info
[0.765s] Copying build/mypkg/mypkg.egg-info to /home/reo/ros2_ws/src/mypkg/install/mypkg/lib/python3.10/site-packages/mypkg-0.0.0-py3.10.egg-info
[0.766s] running install_scripts
[0.784s] Installing listener script to /home/reo/ros2_ws/src/mypkg/install/mypkg/lib/mypkg
[0.784s] Installing talker script to /home/reo/ros2_ws/src/mypkg/install/mypkg/lib/mypkg
[0.785s] writing list of installed files to '/home/reo/ros2_ws/src/mypkg/build/mypkg/install.log'
[0.805s] Invoked command in '/home/reo/ros2_ws/src/mypkg' returned '0': PYTHONPATH=/home/reo/ros2_ws/src/mypkg/build/mypkg/prefix_override:/home/reo/ros2_ws/src/mypkg/install/mypkg/lib/python3.10/site-packages:${PYTHONPATH} /usr/bin/python3 setup.py egg_info --egg-base build/mypkg build --build-base /home/reo/ros2_ws/src/mypkg/build/mypkg/build install --record /home/reo/ros2_ws/src/mypkg/build/mypkg/install.log --single-version-externally-managed
